[2022-02-13T08:46:02.912Z] Validating found git in: git
[2022-02-13T08:46:02.960Z] Using git 2.35.1 from git
[2022-02-13T15:49:43.750Z] > git rev-parse --git-dir [4ms]
[2022-02-13T15:49:43.767Z] Open repository: /home/gin/.cache/yay/httpfs2-2gbplus
[2022-02-13T15:49:43.797Z] > git symbolic-ref --short HEAD [5ms]
[2022-02-13T15:49:43.802Z] > git rev-parse --git-dir [5ms]
[2022-02-13T15:49:43.804Z] Open repository: /home/gin/.cache/yay/ttf-ms-win10-auto
[2022-02-13T15:49:43.810Z] > git for-each-ref --format=%(refname)%00%(upstream:short)%00%(objectname)%00%(upstream:track) refs/heads/master refs/remotes/master [7ms]
[2022-02-13T15:49:43.825Z] > git for-each-ref --sort -committerdate --format %(refname) %(objectname) %(*objectname) [11ms]
[2022-02-13T15:49:43.825Z] > git remote --verbose [6ms]
[2022-02-13T15:49:43.832Z] > git symbolic-ref --short HEAD [8ms]
[2022-02-13T15:49:43.837Z] > git config --get commit.template [5ms]
[2022-02-13T15:49:43.839Z] > git for-each-ref --format=%(refname)%00%(upstream:short)%00%(objectname)%00%(upstream:track) refs/heads/master refs/remotes/master [2ms]
[2022-02-13T15:49:43.849Z] > git for-each-ref --sort -committerdate --format %(refname) %(objectname) %(*objectname) [5ms]
[2022-02-13T15:49:43.850Z] > git remote --verbose [2ms]
[2022-02-13T15:49:43.856Z] > git config --get commit.template [1ms]
[2022-02-13T15:49:45.870Z] > git symbolic-ref --short HEAD [5ms]
[2022-02-13T15:49:45.892Z] > git for-each-ref --format=%(refname)%00%(upstream:short)%00%(objectname)%00%(upstream:track) refs/heads/master refs/remotes/master [6ms]
[2022-02-13T15:49:45.912Z] > git for-each-ref --sort -committerdate --format %(refname) %(objectname) %(*objectname) [10ms]
[2022-02-13T15:49:45.914Z] > git remote --verbose [3ms]
[2022-02-13T15:49:45.923Z] > git config --get commit.template [1ms]
[2022-02-13T15:49:46.170Z] > git symbolic-ref --short HEAD [3ms]
[2022-02-13T15:49:46.178Z] > git for-each-ref --format=%(refname)%00%(upstream:short)%00%(objectname)%00%(upstream:track) refs/heads/master refs/remotes/master [2ms]
[2022-02-13T15:49:46.189Z] > git for-each-ref --sort -committerdate --format %(refname) %(objectname) %(*objectname) [6ms]
[2022-02-13T15:49:46.189Z] > git remote --verbose [1ms]
[2022-02-13T15:49:46.197Z] > git config --get commit.template [0ms]
[2022-02-13T15:49:50.936Z] > git symbolic-ref --short HEAD [1ms]
[2022-02-13T15:49:50.943Z] > git for-each-ref --format=%(refname)%00%(upstream:short)%00%(objectname)%00%(upstream:track) refs/heads/master refs/remotes/master [2ms]
[2022-02-13T15:49:50.955Z] > git for-each-ref --sort -committerdate --format %(refname) %(objectname) %(*objectname) [6ms]
[2022-02-13T15:49:50.955Z] > git remote --verbose [1ms]
[2022-02-13T15:49:50.965Z] > git config --get commit.template [1ms]
[2022-02-13T15:49:51.220Z] > git symbolic-ref --short HEAD [3ms]
[2022-02-13T15:49:51.230Z] > git for-each-ref --format=%(refname)%00%(upstream:short)%00%(objectname)%00%(upstream:track) refs/heads/master refs/remotes/master [3ms]
[2022-02-13T15:49:51.246Z] > git for-each-ref --sort -committerdate --format %(refname) %(objectname) %(*objectname) [8ms]
[2022-02-13T15:49:51.246Z] > git remote --verbose [1ms]
[2022-02-13T15:49:51.253Z] > git config --get commit.template [1ms]
[2022-02-13T15:50:02.528Z] > git symbolic-ref --short HEAD [1ms]
[2022-02-13T15:50:02.534Z] > git for-each-ref --format=%(refname)%00%(upstream:short)%00%(objectname)%00%(upstream:track) refs/heads/master refs/remotes/master [1ms]
[2022-02-13T15:50:02.546Z] > git for-each-ref --sort -committerdate --format %(refname) %(objectname) %(*objectname) [8ms]
[2022-02-13T15:50:02.547Z] > git remote --verbose [2ms]
[2022-02-13T15:50:02.554Z] > git config --get commit.template [1ms]
[2022-02-13T15:50:07.625Z] > git symbolic-ref --short HEAD [1ms]
[2022-02-13T15:50:07.632Z] > git for-each-ref --format=%(refname)%00%(upstream:short)%00%(objectname)%00%(upstream:track) refs/heads/master refs/remotes/master [2ms]
[2022-02-13T15:50:07.643Z] > git for-each-ref --sort -committerdate --format %(refname) %(objectname) %(*objectname) [7ms]
[2022-02-13T15:50:07.644Z] > git remote --verbose [3ms]
[2022-02-13T15:50:07.653Z] > git config --get commit.template [1ms]
[2022-02-13T15:50:10.335Z] > git symbolic-ref --short HEAD [1ms]
[2022-02-13T15:50:10.344Z] > git for-each-ref --format=%(refname)%00%(upstream:short)%00%(objectname)%00%(upstream:track) refs/heads/master refs/remotes/master [2ms]
[2022-02-13T15:50:10.362Z] > git for-each-ref --sort -committerdate --format %(refname) %(objectname) %(*objectname) [7ms]
[2022-02-13T15:50:10.363Z] > git remote --verbose [2ms]
[2022-02-13T15:50:10.373Z] > git config --get commit.template [2ms]
[2022-02-13T15:50:15.387Z] > git symbolic-ref --short HEAD [1ms]
[2022-02-13T15:50:15.393Z] > git for-each-ref --format=%(refname)%00%(upstream:short)%00%(objectname)%00%(upstream:track) refs/heads/master refs/remotes/master [2ms]
[2022-02-13T15:50:15.403Z] > git for-each-ref --sort -committerdate --format %(refname) %(objectname) %(*objectname) [6ms]
[2022-02-13T15:50:15.404Z] > git remote --verbose [2ms]
[2022-02-13T15:50:15.414Z] > git config --get commit.template [2ms]
[2022-02-13T15:50:20.428Z] > git symbolic-ref --short HEAD [2ms]
[2022-02-13T15:50:20.434Z] > git for-each-ref --format=%(refname)%00%(upstream:short)%00%(objectname)%00%(upstream:track) refs/heads/master refs/remotes/master [2ms]
[2022-02-13T15:50:20.444Z] > git for-each-ref --sort -committerdate --format %(refname) %(objectname) %(*objectname) [6ms]
[2022-02-13T15:50:20.444Z] > git remote --verbose [1ms]
[2022-02-13T15:50:20.453Z] > git config --get commit.template [1ms]
[2022-02-13T15:50:25.466Z] > git symbolic-ref --short HEAD [1ms]
[2022-02-13T15:50:25.472Z] > git for-each-ref --format=%(refname)%00%(upstream:short)%00%(objectname)%00%(upstream:track) refs/heads/master refs/remotes/master [1ms]
[2022-02-13T15:50:25.482Z] > git for-each-ref --sort -committerdate --format %(refname) %(objectname) %(*objectname) [5ms]
[2022-02-13T15:50:25.483Z] > git remote --verbose [2ms]
[2022-02-13T15:50:25.492Z] > git config --get commit.template [1ms]
[2022-02-13T15:50:29.587Z] > git symbolic-ref --short HEAD [1ms]
[2022-02-13T15:50:29.597Z] > git for-each-ref --format=%(refname)%00%(upstream:short)%00%(objectname)%00%(upstream:track) refs/heads/master refs/remotes/master [2ms]
[2022-02-13T15:50:29.607Z] > git for-each-ref --sort -committerdate --format %(refname) %(objectname) %(*objectname) [6ms]
[2022-02-13T15:50:29.607Z] > git remote --verbose [1ms]
[2022-02-13T15:50:29.617Z] > git config --get commit.template [1ms]
[2022-02-13T15:50:35.000Z] > git symbolic-ref --short HEAD [6ms]
[2022-02-13T15:50:35.014Z] > git for-each-ref --format=%(refname)%00%(upstream:short)%00%(objectname)%00%(upstream:track) refs/heads/master refs/remotes/master [2ms]
[2022-02-13T15:50:35.024Z] > git for-each-ref --sort -committerdate --format %(refname) %(objectname) %(*objectname) [5ms]
[2022-02-13T15:50:35.025Z] > git remote --verbose [1ms]
[2022-02-13T15:50:35.033Z] > git config --get commit.template [2ms]
[2022-02-13T15:51:28.171Z] > git symbolic-ref --short HEAD [5ms]
[2022-02-13T15:51:28.187Z] > git for-each-ref --format=%(refname)%00%(upstream:short)%00%(objectname)%00%(upstream:track) refs/heads/master refs/remotes/master [3ms]
[2022-02-13T15:51:28.214Z] > git remote --verbose [1ms]
[2022-02-13T15:51:28.214Z] > git for-each-ref --sort -committerdate --format %(refname) %(objectname) %(*objectname) [16ms]
[2022-02-13T15:51:28.228Z] > git config --get commit.template [3ms]
[2022-02-13T15:52:09.544Z] > git symbolic-ref --short HEAD [5ms]
[2022-02-13T15:52:09.559Z] > git for-each-ref --format=%(refname)%00%(upstream:short)%00%(objectname)%00%(upstream:track) refs/heads/master refs/remotes/master [2ms]
[2022-02-13T15:52:09.572Z] > git for-each-ref --sort -committerdate --format %(refname) %(objectname) %(*objectname) [7ms]
[2022-02-13T15:52:09.572Z] > git remote --verbose [1ms]
[2022-02-13T15:52:09.582Z] > git config --get commit.template [1ms]
[2022-02-13T15:55:54.094Z] > git symbolic-ref --short HEAD [3ms]
[2022-02-13T15:55:54.105Z] > git for-each-ref --format=%(refname)%00%(upstream:short)%00%(objectname)%00%(upstream:track) refs/heads/master refs/remotes/master [3ms]
[2022-02-13T15:55:54.124Z] > git for-each-ref --sort -committerdate --format %(refname) %(objectname) %(*objectname) [10ms]
[2022-02-13T15:55:54.125Z] > git remote --verbose [2ms]
[2022-02-13T15:55:54.143Z] > git config --get commit.template [2ms]
[2022-02-13T15:56:27.286Z] > git symbolic-ref --short HEAD [5ms]
[2022-02-13T15:56:27.309Z] > git for-each-ref --format=%(refname)%00%(upstream:short)%00%(objectname)%00%(upstream:track) refs/heads/master refs/remotes/master [7ms]
[2022-02-13T15:56:27.350Z] > git for-each-ref --sort -committerdate --format %(refname) %(objectname) %(*objectname) [24ms]
[2022-02-13T15:56:27.351Z] > git remote --verbose [5ms]
[2022-02-13T15:56:27.380Z] > git config --get commit.template [3ms]
[2022-02-13T16:00:26.379Z] > git symbolic-ref --short HEAD [3ms]
[2022-02-13T16:00:26.396Z] > git for-each-ref --format=%(refname)%00%(upstream:short)%00%(objectname)%00%(upstream:track) refs/heads/master refs/remotes/master [6ms]
[2022-02-13T16:00:26.416Z] > git for-each-ref --sort -committerdate --format %(refname) %(objectname) %(*objectname) [9ms]
[2022-02-13T16:00:26.416Z] > git remote --verbose [1ms]
[2022-02-13T16:00:26.427Z] > git config --get commit.template [1ms]
[2022-02-13T16:00:31.462Z] > git symbolic-ref --short HEAD [1ms]
[2022-02-13T16:00:31.468Z] > git for-each-ref --format=%(refname)%00%(upstream:short)%00%(objectname)%00%(upstream:track) refs/heads/master refs/remotes/master [1ms]
[2022-02-13T16:00:31.477Z] > git for-each-ref --sort -committerdate --format %(refname) %(objectname) %(*objectname) [5ms]
[2022-02-13T16:00:31.477Z] > git remote --verbose [1ms]
[2022-02-13T16:00:31.485Z] > git config --get commit.template [2ms]
