[2022-02-13 15:31:51.850] [exthost] [info] Extension host with pid 307691 started
[2022-02-13 15:31:51.850] [exthost] [info] Skipping acquiring lock for /home/gin/.config/Code/User/workspaceStorage/76a50fdc2f0b3efdda6aff2f1ebef292.
[2022-02-13 15:31:51.938] [exthost] [info] ExtensionService#_doActivateExtension vscode.microsoft-authentication, startup: false, activationEvent: 'onAuthenticationRequest:microsoft'
[2022-02-13 15:31:51.975] [exthost] [info] ExtensionService#_doActivateExtension vscode.debug-auto-launch, startup: true, activationEvent: '*'
[2022-02-13 15:31:51.978] [exthost] [info] ExtensionService#_doActivateExtension vscode.git-base, startup: true, activationEvent: '*', root cause: vscode.github
[2022-02-13 15:31:52.037] [exthost] [info] ExtensionService#_doActivateExtension vscode.git, startup: true, activationEvent: '*'
[2022-02-13 15:31:52.061] [exthost] [info] ExtensionService#_doActivateExtension vscode.github, startup: true, activationEvent: '*'
[2022-02-13 15:31:52.117] [exthost] [info] Eager extensions activated
[2022-02-13 15:31:52.119] [exthost] [info] ExtensionService#_doActivateExtension vscode.github-authentication, startup: false, activationEvent: 'onAuthenticationRequest:github'
[2022-02-13 15:31:52.163] [exthost] [info] ExtensionService#_doActivateExtension vscode.emmet, startup: false, activationEvent: 'onStartupFinished'
[2022-02-13 15:31:52.170] [exthost] [info] ExtensionService#_doActivateExtension vscode.merge-conflict, startup: false, activationEvent: 'onStartupFinished'
[2022-02-13 15:45:30.198] [exthost] [info] ExtensionService#_doActivateExtension CoenraadS.bracket-pair-colorizer, startup: false, activationEvent: '*'
[2022-02-13 15:45:59.944] [exthost] [info] extension host terminating: renderer closed the socket
[2022-02-13 15:45:59.974] [exthost] [info] Extension host with pid 307691 exiting with code 0
[2022-02-13 15:46:02.539] [exthost] [info] Extension host with pid 331601 started
[2022-02-13 15:46:02.539] [exthost] [info] Skipping acquiring lock for /home/gin/.config/Code/User/workspaceStorage/76a50fdc2f0b3efdda6aff2f1ebef292.
[2022-02-13 15:46:02.665] [exthost] [info] ExtensionService#_doActivateExtension vscode.microsoft-authentication, startup: false, activationEvent: 'onAuthenticationRequest:microsoft'
[2022-02-13 15:46:02.696] [exthost] [info] ExtensionService#_doActivateExtension vscode.debug-auto-launch, startup: true, activationEvent: '*'
[2022-02-13 15:46:02.704] [exthost] [info] ExtensionService#_doActivateExtension vscode.git-base, startup: true, activationEvent: '*', root cause: vscode.github
[2022-02-13 15:46:02.707] [exthost] [info] ExtensionService#_doActivateExtension CoenraadS.bracket-pair-colorizer, startup: true, activationEvent: '*'
[2022-02-13 15:46:02.837] [exthost] [info] ExtensionService#_doActivateExtension vscode.git, startup: true, activationEvent: '*'
[2022-02-13 15:46:02.861] [exthost] [info] ExtensionService#_doActivateExtension vscode.github, startup: true, activationEvent: '*'
[2022-02-13 15:46:02.974] [exthost] [info] Eager extensions activated
[2022-02-13 15:46:03.295] [exthost] [info] ExtensionService#_doActivateExtension vscode.emmet, startup: false, activationEvent: 'onStartupFinished'
[2022-02-13 15:46:03.303] [exthost] [info] ExtensionService#_doActivateExtension vscode.merge-conflict, startup: false, activationEvent: 'onStartupFinished'
[2022-02-13 15:46:03.334] [exthost] [info] ExtensionService#_doActivateExtension vscode.github-authentication, startup: false, activationEvent: 'onAuthenticationRequest:github'
[2022-02-13 15:46:14.272] [exthost] [info] ExtensionService#_doActivateExtension vscode.configuration-editing, startup: false, activationEvent: 'onLanguage:jsonc'
[2022-02-13 15:46:14.276] [exthost] [info] ExtensionService#_doActivateExtension vscode.json-language-features, startup: false, activationEvent: 'onLanguage:jsonc'
[2022-02-13 15:46:14.292] [exthost] [info] ExtensionService#_doActivateExtension vscode.typescript-language-features, startup: false, activationEvent: 'onLanguage:jsonc'
[2022-02-13 23:01:44.185] [exthost] [info] extension host terminating: renderer closed the socket
[2022-02-13 23:01:44.232] [exthost] [info] Extension host with pid 331601 exiting with code 0
